{"D:\\pythonProject\\character-specials\\src\\index.js": {"path":"D:\\pythonProject\\character-specials\\src\\index.js","statementMap":{"0":{"start":{"line":7,"column":4},"end":{"line":12,"column":8}},"1":{"start":{"line":7,"column":85},"end":{"line":12,"column":5}}},"fnMap":{"0":{"name":"getSpecialAttacks","decl":{"start":{"line":6,"column":16},"end":{"line":6,"column":33}},"loc":{"start":{"line":6,"column":47},"end":{"line":13,"column":3}},"line":6},"1":{"name":"(anonymous_1)","decl":{"start":{"line":7,"column":23},"end":{"line":7,"column":24}},"loc":{"start":{"line":7,"column":85},"end":{"line":12,"column":5}},"line":7}},"branchMap":{"0":{"loc":{"start":{"line":7,"column":42},"end":{"line":7,"column":77}},"type":"default-arg","locations":[{"start":{"line":7,"column":56},"end":{"line":7,"column":77}}],"line":7}},"s":{"0":1,"1":2},"f":{"0":1,"1":2},"b":{"0":[1]},"_coverageSchema":"1a1c01bbd47fc00a2c39e90264f33305004495a9","hash":"3f2e5ea6631e36c2969e655d5c9aed53ae173f31"}
}
